INFO core.basesyntax.Counter:21  Before decrementing, Thread #  1, counter value 20
INFO core.basesyntax.Counter:24   After decrementing, Thread #  1, counter value 19
INFO core.basesyntax.Counter:21  Before decrementing, Thread #  1, counter value 19
INFO core.basesyntax.Counter:24   After decrementing, Thread #  1, counter value 18
INFO core.basesyntax.Counter:21  Before decrementing, Thread #  1, counter value 18
INFO core.basesyntax.Counter:24   After decrementing, Thread #  1, counter value 17
INFO core.basesyntax.Counter:21  Before decrementing, Thread #  1, counter value 17
INFO core.basesyntax.Counter:24   After decrementing, Thread #  1, counter value 16
INFO core.basesyntax.Counter:21  Before decrementing, Thread #  1, counter value 16
INFO core.basesyntax.Counter:24   After decrementing, Thread #  1, counter value 15
INFO core.basesyntax.Counter:21  Before decrementing, Thread #  1, counter value 15
INFO core.basesyntax.Counter:24   After decrementing, Thread #  1, counter value 14
INFO core.basesyntax.Counter:21  Before decrementing, Thread #  1, counter value 14
INFO core.basesyntax.Counter:24   After decrementing, Thread #  1, counter value 13
INFO core.basesyntax.Counter:21  Before decrementing, Thread #  1, counter value 13
INFO core.basesyntax.Counter:24   After decrementing, Thread #  1, counter value 12
INFO core.basesyntax.Counter:21  Before decrementing, Thread #  1, counter value 12
INFO core.basesyntax.Counter:24   After decrementing, Thread #  1, counter value 11
INFO core.basesyntax.Counter:21  Before decrementing, Thread #  1, counter value 11
INFO core.basesyntax.Counter:24   After decrementing, Thread #  1, counter value 10
INFO core.basesyntax.Counter:21  Before decrementing, Thread #  1, counter value 10
INFO core.basesyntax.Counter:24   After decrementing, Thread #  1, counter value  9
INFO core.basesyntax.Counter:21  Before decrementing, Thread #  1, counter value  9
INFO core.basesyntax.Counter:24   After decrementing, Thread #  1, counter value  8
INFO core.basesyntax.Counter:21  Before decrementing, Thread #  1, counter value  8
INFO core.basesyntax.Counter:24   After decrementing, Thread #  1, counter value  7
INFO core.basesyntax.Counter:21  Before decrementing, Thread # 20, counter value  7
INFO core.basesyntax.Counter:24   After decrementing, Thread # 20, counter value  6
INFO core.basesyntax.Counter:21  Before decrementing, Thread # 20, counter value  6
INFO core.basesyntax.Counter:24   After decrementing, Thread # 20, counter value  5
INFO core.basesyntax.Counter:21  Before decrementing, Thread # 20, counter value  5
INFO core.basesyntax.Counter:24   After decrementing, Thread # 20, counter value  4
INFO core.basesyntax.Counter:21  Before decrementing, Thread # 20, counter value  4
INFO core.basesyntax.Counter:24   After decrementing, Thread # 20, counter value  3
INFO core.basesyntax.Counter:21  Before decrementing, Thread # 20, counter value  3
INFO core.basesyntax.Counter:24   After decrementing, Thread # 20, counter value  2
INFO core.basesyntax.Counter:21  Before decrementing, Thread # 20, counter value  2
INFO core.basesyntax.Counter:24   After decrementing, Thread # 20, counter value  1
INFO core.basesyntax.Counter:21  Before decrementing, Thread # 20, counter value  1
INFO core.basesyntax.Counter:24   After decrementing, Thread # 20, counter value  0
